<?xml version="1.0" encoding="UTF-8" ?>
<testsuite tests="6" failures="0" name="TestSuite" time="5.741" errors="0" skipped="0">
  <properties>
    <property name="java.runtime.name" value="Java(TM) SE Runtime Environment"/>
    <property name="sun.boot.library.path" value="C:\Program Files\Java\jdk1.8.0_191\jre\bin"/>
    <property name="java.vm.version" value="25.191-b12"/>
    <property name="java.vm.vendor" value="Oracle Corporation"/>
    <property name="java.vendor.url" value="http://java.oracle.com/"/>
    <property name="path.separator" value=";"/>
    <property name="java.vm.name" value="Java HotSpot(TM) 64-Bit Server VM"/>
    <property name="file.encoding.pkg" value="sun.io"/>
    <property name="user.script" value=""/>
    <property name="user.country" value="CN"/>
    <property name="sun.java.launcher" value="SUN_STANDARD"/>
    <property name="sun.os.patch.level" value=""/>
    <property name="java.vm.specification.name" value="Java Virtual Machine Specification"/>
    <property name="user.dir" value="E:\IdeaProjects\Api_AutoFramwork"/>
    <property name="java.runtime.version" value="1.8.0_191-b12"/>
    <property name="java.awt.graphicsenv" value="sun.awt.Win32GraphicsEnvironment"/>
    <property name="basedir" value="E:\IdeaProjects\Api_AutoFramwork"/>
    <property name="java.endorsed.dirs" value="C:\Program Files\Java\jdk1.8.0_191\jre\lib\endorsed"/>
    <property name="os.arch" value="amd64"/>
    <property name="surefire.real.class.path" value="E:\IdeaProjects\Api_AutoFramwork\target\surefire\surefirebooter819715752623962827.jar"/>
    <property name="java.io.tmpdir" value="C:\Users\aseit\AppData\Local\Temp\"/>
    <property name="line.separator" value="
"/>
    <property name="java.vm.specification.vendor" value="Oracle Corporation"/>
    <property name="user.variant" value=""/>
    <property name="os.name" value="Windows 10"/>
    <property name="sun.jnu.encoding" value="GBK"/>
    <property name="java.library.path" value="C:\Program Files\Java\jdk1.8.0_191\jre\bin;C:\WINDOWS\Sun\Java\bin;C:\WINDOWS\system32;C:\WINDOWS;C:\Program Files\apache-maven-3.5.4/bin;C:\Program Files\Java\jdk1.8.0_191/bin;C:\Program Files\Java\jdk1.8.0_191/bin;C:\ProgramData\DockerDesktop\version-bin;C:\Program Files\Docker\Docker\Resources\bin;C:\Program Files\Python35\Scripts\;C:\Program Files\Python35\;C:\ProgramData\Oracle\Java\javapath;C:\WINDOWS\system32;C:\WINDOWS;C:\WINDOWS\System32\Wbem;C:\WINDOWS\System32\WindowsPowerShell\v1.0\;C:\WINDOWS\System32\OpenSSH\;C:\Program Files\Java\jdk1.8.0_191\bin;C:\Program Files\apache-maven-3.5.4\bin;D:\Git\cmd;C:\Gradle\gradle-4.10.2\bin;C:\Users\aseit\AppData\Local\Microsoft\WindowsApps;C:\Users\aseit\AppData\Local\GitHubDesktop\bin;."/>
    <property name="surefire.test.class.path" value="E:\IdeaProjects\Api_AutoFramwork\target\test-classes;E:\IdeaProjects\Api_AutoFramwork\target\classes;E:\JenkinsHome\workspace\Api_AutoFramwork\.repository\org\apache\httpcomponents\httpclient\4.5.6\httpclient-4.5.6.jar;E:\JenkinsHome\workspace\Api_AutoFramwork\.repository\commons-logging\commons-logging\1.2\commons-logging-1.2.jar;E:\JenkinsHome\workspace\Api_AutoFramwork\.repository\commons-codec\commons-codec\1.10\commons-codec-1.10.jar;E:\JenkinsHome\workspace\Api_AutoFramwork\.repository\org\apache\httpcomponents\httpcore\4.4.10\httpcore-4.4.10.jar;E:\JenkinsHome\workspace\Api_AutoFramwork\.repository\com\alibaba\fastjson\1.2.31\fastjson-1.2.31.jar;E:\JenkinsHome\workspace\Api_AutoFramwork\.repository\org\testng\testng\7.0.0-beta1\testng-7.0.0-beta1.jar;E:\JenkinsHome\workspace\Api_AutoFramwork\.repository\com\beust\jcommander\1.72\jcommander-1.72.jar;E:\JenkinsHome\workspace\Api_AutoFramwork\.repository\org\slf4j\slf4j-log4j12\1.7.2\slf4j-log4j12-1.7.2.jar;E:\JenkinsHome\workspace\Api_AutoFramwork\.repository\org\slf4j\slf4j-api\1.7.2\slf4j-api-1.7.2.jar;E:\JenkinsHome\workspace\Api_AutoFramwork\.repository\log4j\log4j\1.2.17\log4j-1.2.17.jar;E:\JenkinsHome\workspace\Api_AutoFramwork\.repository\com\aventstack\extentreports\3.0.6\extentreports-3.0.6.jar;E:\JenkinsHome\workspace\Api_AutoFramwork\.repository\org\freemarker\freemarker\2.3.23\freemarker-2.3.23.jar;E:\JenkinsHome\workspace\Api_AutoFramwork\.repository\org\mongodb\mongodb-driver\3.3.0\mongodb-driver-3.3.0.jar;E:\JenkinsHome\workspace\Api_AutoFramwork\.repository\org\mongodb\bson\3.3.0\bson-3.3.0.jar;E:\JenkinsHome\workspace\Api_AutoFramwork\.repository\org\mongodb\mongodb-driver-core\3.3.0\mongodb-driver-core-3.3.0.jar;E:\JenkinsHome\workspace\Api_AutoFramwork\.repository\org\apache\httpcomponents\httpmime\4.5.2\httpmime-4.5.2.jar;E:\JenkinsHome\workspace\Api_AutoFramwork\.repository\org\jsoup\jsoup\1.9.2\jsoup-1.9.2.jar;E:\JenkinsHome\workspace\Api_AutoFramwork\.repository\com\jayway\jsonpath\json-path\2.4.0\json-path-2.4.0.jar;E:\JenkinsHome\workspace\Api_AutoFramwork\.repository\net\minidev\json-smart\2.3\json-smart-2.3.jar;E:\JenkinsHome\workspace\Api_AutoFramwork\.repository\net\minidev\accessors-smart\1.2\accessors-smart-1.2.jar;E:\JenkinsHome\workspace\Api_AutoFramwork\.repository\org\ow2\asm\asm\5.0.4\asm-5.0.4.jar;E:\JenkinsHome\workspace\Api_AutoFramwork\.repository\org\apache\poi\poi-ooxml\3.16\poi-ooxml-3.16.jar;E:\JenkinsHome\workspace\Api_AutoFramwork\.repository\org\apache\poi\poi\3.16\poi-3.16.jar;E:\JenkinsHome\workspace\Api_AutoFramwork\.repository\org\apache\commons\commons-collections4\4.1\commons-collections4-4.1.jar;E:\JenkinsHome\workspace\Api_AutoFramwork\.repository\org\apache\poi\poi-ooxml-schemas\3.16\poi-ooxml-schemas-3.16.jar;E:\JenkinsHome\workspace\Api_AutoFramwork\.repository\org\apache\xmlbeans\xmlbeans\2.6.0\xmlbeans-2.6.0.jar;E:\JenkinsHome\workspace\Api_AutoFramwork\.repository\stax\stax-api\1.0.1\stax-api-1.0.1.jar;E:\JenkinsHome\workspace\Api_AutoFramwork\.repository\com\github\virtuald\curvesapi\1.04\curvesapi-1.04.jar;"/>
    <property name="java.specification.name" value="Java Platform API Specification"/>
    <property name="java.class.version" value="52.0"/>
    <property name="sun.management.compiler" value="HotSpot 64-Bit Tiered Compilers"/>
    <property name="maven.repo.local" value="E:\JenkinsHome\workspace\Api_AutoFramwork\.repository"/>
    <property name="os.version" value="10.0"/>
    <property name="user.home" value="C:\Users\aseit"/>
    <property name="user.timezone" value="Asia/Shanghai"/>
    <property name="java.awt.printerjob" value="sun.awt.windows.WPrinterJob"/>
    <property name="java.specification.version" value="1.8"/>
    <property name="file.encoding" value="GBK"/>
    <property name="user.name" value="aseit"/>
    <property name="java.class.path" value="E:\IdeaProjects\Api_AutoFramwork\target\test-classes;E:\IdeaProjects\Api_AutoFramwork\target\classes;E:\JenkinsHome\workspace\Api_AutoFramwork\.repository\org\apache\httpcomponents\httpclient\4.5.6\httpclient-4.5.6.jar;E:\JenkinsHome\workspace\Api_AutoFramwork\.repository\commons-logging\commons-logging\1.2\commons-logging-1.2.jar;E:\JenkinsHome\workspace\Api_AutoFramwork\.repository\commons-codec\commons-codec\1.10\commons-codec-1.10.jar;E:\JenkinsHome\workspace\Api_AutoFramwork\.repository\org\apache\httpcomponents\httpcore\4.4.10\httpcore-4.4.10.jar;E:\JenkinsHome\workspace\Api_AutoFramwork\.repository\com\alibaba\fastjson\1.2.31\fastjson-1.2.31.jar;E:\JenkinsHome\workspace\Api_AutoFramwork\.repository\org\testng\testng\7.0.0-beta1\testng-7.0.0-beta1.jar;E:\JenkinsHome\workspace\Api_AutoFramwork\.repository\com\beust\jcommander\1.72\jcommander-1.72.jar;E:\JenkinsHome\workspace\Api_AutoFramwork\.repository\org\slf4j\slf4j-log4j12\1.7.2\slf4j-log4j12-1.7.2.jar;E:\JenkinsHome\workspace\Api_AutoFramwork\.repository\org\slf4j\slf4j-api\1.7.2\slf4j-api-1.7.2.jar;E:\JenkinsHome\workspace\Api_AutoFramwork\.repository\log4j\log4j\1.2.17\log4j-1.2.17.jar;E:\JenkinsHome\workspace\Api_AutoFramwork\.repository\com\aventstack\extentreports\3.0.6\extentreports-3.0.6.jar;E:\JenkinsHome\workspace\Api_AutoFramwork\.repository\org\freemarker\freemarker\2.3.23\freemarker-2.3.23.jar;E:\JenkinsHome\workspace\Api_AutoFramwork\.repository\org\mongodb\mongodb-driver\3.3.0\mongodb-driver-3.3.0.jar;E:\JenkinsHome\workspace\Api_AutoFramwork\.repository\org\mongodb\bson\3.3.0\bson-3.3.0.jar;E:\JenkinsHome\workspace\Api_AutoFramwork\.repository\org\mongodb\mongodb-driver-core\3.3.0\mongodb-driver-core-3.3.0.jar;E:\JenkinsHome\workspace\Api_AutoFramwork\.repository\org\apache\httpcomponents\httpmime\4.5.2\httpmime-4.5.2.jar;E:\JenkinsHome\workspace\Api_AutoFramwork\.repository\org\jsoup\jsoup\1.9.2\jsoup-1.9.2.jar;E:\JenkinsHome\workspace\Api_AutoFramwork\.repository\com\jayway\jsonpath\json-path\2.4.0\json-path-2.4.0.jar;E:\JenkinsHome\workspace\Api_AutoFramwork\.repository\net\minidev\json-smart\2.3\json-smart-2.3.jar;E:\JenkinsHome\workspace\Api_AutoFramwork\.repository\net\minidev\accessors-smart\1.2\accessors-smart-1.2.jar;E:\JenkinsHome\workspace\Api_AutoFramwork\.repository\org\ow2\asm\asm\5.0.4\asm-5.0.4.jar;E:\JenkinsHome\workspace\Api_AutoFramwork\.repository\org\apache\poi\poi-ooxml\3.16\poi-ooxml-3.16.jar;E:\JenkinsHome\workspace\Api_AutoFramwork\.repository\org\apache\poi\poi\3.16\poi-3.16.jar;E:\JenkinsHome\workspace\Api_AutoFramwork\.repository\org\apache\commons\commons-collections4\4.1\commons-collections4-4.1.jar;E:\JenkinsHome\workspace\Api_AutoFramwork\.repository\org\apache\poi\poi-ooxml-schemas\3.16\poi-ooxml-schemas-3.16.jar;E:\JenkinsHome\workspace\Api_AutoFramwork\.repository\org\apache\xmlbeans\xmlbeans\2.6.0\xmlbeans-2.6.0.jar;E:\JenkinsHome\workspace\Api_AutoFramwork\.repository\stax\stax-api\1.0.1\stax-api-1.0.1.jar;E:\JenkinsHome\workspace\Api_AutoFramwork\.repository\com\github\virtuald\curvesapi\1.04\curvesapi-1.04.jar;"/>
    <property name="java.vm.specification.version" value="1.8"/>
    <property name="sun.arch.data.model" value="64"/>
    <property name="java.home" value="C:\Program Files\Java\jdk1.8.0_191\jre"/>
    <property name="sun.java.command" value="E:\IdeaProjects\Api_AutoFramwork\target\surefire\surefirebooter819715752623962827.jar E:\IdeaProjects\Api_AutoFramwork\target\surefire\surefire237318576259742578tmp E:\IdeaProjects\Api_AutoFramwork\target\surefire\surefire5695245102337632016tmp"/>
    <property name="java.specification.vendor" value="Oracle Corporation"/>
    <property name="user.language" value="zh"/>
    <property name="awt.toolkit" value="sun.awt.windows.WToolkit"/>
    <property name="java.vm.info" value="mixed mode"/>
    <property name="java.version" value="1.8.0_191"/>
    <property name="java.ext.dirs" value="C:\Program Files\Java\jdk1.8.0_191\jre\lib\ext;C:\WINDOWS\Sun\Java\lib\ext"/>
    <property name="sun.boot.class.path" value="C:\Program Files\Java\jdk1.8.0_191\jre\lib\resources.jar;C:\Program Files\Java\jdk1.8.0_191\jre\lib\rt.jar;C:\Program Files\Java\jdk1.8.0_191\jre\lib\sunrsasign.jar;C:\Program Files\Java\jdk1.8.0_191\jre\lib\jsse.jar;C:\Program Files\Java\jdk1.8.0_191\jre\lib\jce.jar;C:\Program Files\Java\jdk1.8.0_191\jre\lib\charsets.jar;C:\Program Files\Java\jdk1.8.0_191\jre\lib\jfr.jar;C:\Program Files\Java\jdk1.8.0_191\jre\classes"/>
    <property name="java.vendor" value="Oracle Corporation"/>
    <property name="localRepository" value="E:\JenkinsHome\workspace\Api_AutoFramwork\.repository"/>
    <property name="file.separator" value="\"/>
    <property name="java.vendor.url.bug" value="http://bugreport.sun.com/bugreport/"/>
    <property name="sun.cpu.endian" value="little"/>
    <property name="sun.io.unicode.encoding" value="UnicodeLittle"/>
    <property name="sun.desktop" value="windows"/>
    <property name="sun.cpu.isalist" value="amd64"/>
  </properties>
  <testcase classname="com.qa.tests.PostApiTest" name="postApiTest" time="1.365"/>
  <testcase classname="com.qa.tests.GetApiTest" name="getApiTest" time="0.584"/>
  <testcase classname="com.qa.tests.GetApiTest" name="getApiTest02" time="0.575"/>
  <testcase classname="com.qa.tests.PutApiTest" name="putApiTest" time="0.576"/>
  <testcase classname="com.qa.tests.DeleteApiTest" name="deleteApiTest" time="0.572"/>
  <testcase classname="com.qa.tests.testCase1" name="login" time="0.776"/>
</testsuite>