<?xml version="1.0" encoding="UTF-8"?>
<!-- Generated by org.testng.reporters.JUnitReportReporter -->
<testsuite skipped="0" hostname="DESKTOP-R61QJ1S" name="com.qa.tests.testCase1" tests="1" failures="0" timestamp="2018-12-20T14:58:21 CST" time="0.776" errors="0">
  <testcase name="login" time="0.776" classname="com.qa.tests.testCase1"/>
</testsuite> <!-- com.qa.tests.testCase1 -->
