<?xml version="1.0" encoding="UTF-8"?>
<!-- Generated by org.testng.reporters.JUnitReportReporter -->
<testsuite skipped="0" hostname="DESKTOP-R61QJ1S" name="com.qa.tests.GetApiTest" tests="2" failures="0" timestamp="2018-12-20T13:57:38 CST" time="1.495" errors="0">
  <testcase name="getApiTest" time="0.770" classname="com.qa.tests.GetApiTest"/>
  <testcase name="getApiTest02" time="0.725" classname="com.qa.tests.GetApiTest"/>
</testsuite> <!-- com.qa.tests.GetApiTest -->
