<?xml version="1.0" encoding="UTF-8"?>
<!-- Generated by org.testng.reporters.JUnitReportReporter -->
<testsuite skipped="0" hostname="DESKTOP-R61QJ1S" name="com.qa.tests.DeleteApiTest" tests="1" failures="0" timestamp="2018-12-20T14:33:01 CST" time="0.613" errors="0">
  <testcase name="deleteApiTest" time="0.613" classname="com.qa.tests.DeleteApiTest"/>
</testsuite> <!-- com.qa.tests.DeleteApiTest -->
