<?xml version="1.0" encoding="UTF-8"?>
<!-- Generated by org.testng.reporters.JUnitReportReporter -->
<testsuite skipped="0" hostname="DESKTOP-R61QJ1S" name="com.qa.tests.PutApiTest" tests="1" failures="0" timestamp="2018-12-20T15:52:52 CST" time="0.674" errors="0">
  <testcase name="putApiTest" time="0.674" classname="com.qa.tests.PutApiTest"/>
</testsuite> <!-- com.qa.tests.PutApiTest -->
