<?xml version="1.0" encoding="UTF-8"?>
<!-- Generated by org.testng.reporters.JUnitReportReporter -->
<testsuite skipped="0" hostname="DESKTOP-R61QJ1S" name="com.qa.tests.GetApiTest" tests="2" failures="0" timestamp="2018-12-20T17:25:34 CST" time="1.161" errors="0">
  <testcase name="getApiTest" time="0.586" classname="com.qa.tests.GetApiTest"/>
  <testcase name="getApiTest02" time="0.575" classname="com.qa.tests.GetApiTest"/>
</testsuite> <!-- com.qa.tests.GetApiTest -->
